<?xml version="1.0" encoding="UTF-8"?>
<!-- Generated by org.testng.reporters.JUnitReportReporter -->
<testsuite skipped="0" hostname="ABT-AA-203" name="testCases.TC_002_Login" tests="1" failures="0" timestamp="2021-10-25T21:00:37 EDT" time="2.867" errors="0">
  <testcase name="test_Login" time="2.867" classname="testCases.TC_002_Login"/>
  <system-out/>
</testsuite> <!-- testCases.TC_002_Login -->
