<?xml version="1.0" encoding="UTF-8"?>
<!-- Generated by org.testng.reporters.JUnitReportReporter -->
<testsuite skipped="0" hostname="ABT-AA-203" name="testCases.TC_001_AccountRegistration" tests="1" failures="0" timestamp="2021-10-25T21:00:37 EDT" time="4.541" errors="0">
  <testcase name="test_accout_Registration" time="4.541" classname="testCases.TC_001_AccountRegistration"/>
  <system-out/>
</testsuite> <!-- testCases.TC_001_AccountRegistration -->
